jdk-21.0.2/bin/jar
jdk-21.0.2/bin/jarsigner
jdk-21.0.2/bin/java
jdk-21.0.2/bin/javac
jdk-21.0.2/bin/javadoc
jdk-21.0.2/bin/javap
jdk-21.0.2/bin/jcmd
jdk-21.0.2/bin/jconsole
jdk-21.0.2/bin/jdb
jdk-21.0.2/bin/jdeprscan
jdk-21.0.2/bin/jdeps
jdk-21.0.2/bin/jfr
jdk-21.0.2/bin/jhsdb
jdk-21.0.2/bin/jimage
jdk-21.0.2/bin/jinfo
jdk-21.0.2/bin/jlink
jdk-21.0.2/bin/jmap
jdk-21.0.2/bin/jmod
jdk-21.0.2/bin/jpackage
jdk-21.0.2/bin/jps
jdk-21.0.2/bin/jrunscript
jdk-21.0.2/bin/jshell
jdk-21.0.2/bin/jstack
jdk-21.0.2/bin/jstat
jdk-21.0.2/bin/jstatd
jdk-21.0.2/bin/jwebserver
jdk-21.0.2/bin/keytool
jdk-21.0.2/bin/rmiregistry
jdk-21.0.2/bin/serialver
jdk-21.0.2/conf/jaxp.properties
jdk-21.0.2/conf/logging.properties
jdk-21.0.2/conf/management/jmxremote.access
jdk-21.0.2/conf/management/jmxremote.password.template
jdk-21.0.2/conf/management/management.properties
jdk-21.0.2/conf/net.properties
jdk-21.0.2/conf/sdp/sdp.conf.template
jdk-21.0.2/conf/security/java.policy
jdk-21.0.2/conf/security/java.security
jdk-21.0.2/conf/security/policy/README.txt
jdk-21.0.2/conf/security/policy/limited/default_US_export.policy
jdk-21.0.2/conf/security/policy/limited/default_local.policy
jdk-21.0.2/conf/security/policy/limited/exempt_local.policy
jdk-21.0.2/conf/security/policy/unlimited/default_US_export.policy
jdk-21.0.2/conf/security/policy/unlimited/default_local.policy
jdk-21.0.2/conf/sound.properties
jdk-21.0.2/include/classfile_constants.h
jdk-21.0.2/include/jawt.h
jdk-21.0.2/include/jdwpTransport.h
jdk-21.0.2/include/jni.h
jdk-21.0.2/include/jvmti.h
jdk-21.0.2/include/jvmticmlr.h
jdk-21.0.2/include/linux/jawt_md.h
jdk-21.0.2/include/linux/jni_md.h
jdk-21.0.2/jmods/java.base.jmod
jdk-21.0.2/jmods/java.compiler.jmod
jdk-21.0.2/jmods/java.datatransfer.jmod
jdk-21.0.2/jmods/java.desktop.jmod
jdk-21.0.2/jmods/java.instrument.jmod
jdk-21.0.2/jmods/java.logging.jmod
jdk-21.0.2/jmods/java.management.jmod
jdk-21.0.2/jmods/java.management.rmi.jmod
jdk-21.0.2/jmods/java.naming.jmod
jdk-21.0.2/jmods/java.net.http.jmod
jdk-21.0.2/jmods/java.prefs.jmod
jdk-21.0.2/jmods/java.rmi.jmod
jdk-21.0.2/jmods/java.scripting.jmod
jdk-21.0.2/jmods/java.se.jmod
jdk-21.0.2/jmods/java.security.jgss.jmod
jdk-21.0.2/jmods/java.security.sasl.jmod
jdk-21.0.2/jmods/java.smartcardio.jmod
jdk-21.0.2/jmods/java.sql.jmod
jdk-21.0.2/jmods/java.sql.rowset.jmod
jdk-21.0.2/jmods/java.transaction.xa.jmod
jdk-21.0.2/jmods/java.xml.crypto.jmod
jdk-21.0.2/jmods/java.xml.jmod
jdk-21.0.2/jmods/jdk.accessibility.jmod
jdk-21.0.2/jmods/jdk.attach.jmod
jdk-21.0.2/jmods/jdk.charsets.jmod
jdk-21.0.2/jmods/jdk.compiler.jmod
jdk-21.0.2/jmods/jdk.crypto.cryptoki.jmod
jdk-21.0.2/jmods/jdk.crypto.ec.jmod
jdk-21.0.2/jmods/jdk.dynalink.jmod
jdk-21.0.2/jmods/jdk.editpad.jmod
jdk-21.0.2/jmods/jdk.hotspot.agent.jmod
jdk-21.0.2/jmods/jdk.httpserver.jmod
jdk-21.0.2/jmods/jdk.incubator.vector.jmod
jdk-21.0.2/jmods/jdk.internal.ed.jmod
jdk-21.0.2/jmods/jdk.internal.jvmstat.jmod
jdk-21.0.2/jmods/jdk.internal.le.jmod
jdk-21.0.2/jmods/jdk.internal.opt.jmod
jdk-21.0.2/jmods/jdk.internal.vm.ci.jmod
jdk-21.0.2/jmods/jdk.internal.vm.compiler.jmod
jdk-21.0.2/jmods/jdk.internal.vm.compiler.management.jmod
jdk-21.0.2/jmods/jdk.jartool.jmod
jdk-21.0.2/jmods/jdk.javadoc.jmod
jdk-21.0.2/jmods/jdk.jcmd.jmod
jdk-21.0.2/jmods/jdk.jconsole.jmod
jdk-21.0.2/jmods/jdk.jdeps.jmod
jdk-21.0.2/jmods/jdk.jdi.jmod
jdk-21.0.2/jmods/jdk.jdwp.agent.jmod
jdk-21.0.2/jmods/jdk.jfr.jmod
jdk-21.0.2/jmods/jdk.jlink.jmod
jdk-21.0.2/jmods/jdk.jpackage.jmod
jdk-21.0.2/jmods/jdk.jshell.jmod
jdk-21.0.2/jmods/jdk.jsobject.jmod
jdk-21.0.2/jmods/jdk.jstatd.jmod
jdk-21.0.2/jmods/jdk.localedata.jmod
jdk-21.0.2/jmods/jdk.management.agent.jmod
jdk-21.0.2/jmods/jdk.management.jfr.jmod
jdk-21.0.2/jmods/jdk.management.jmod
jdk-21.0.2/jmods/jdk.naming.dns.jmod
jdk-21.0.2/jmods/jdk.naming.rmi.jmod
jdk-21.0.2/jmods/jdk.net.jmod
jdk-21.0.2/jmods/jdk.nio.mapmode.jmod
jdk-21.0.2/jmods/jdk.random.jmod
jdk-21.0.2/jmods/jdk.sctp.jmod
jdk-21.0.2/jmods/jdk.security.auth.jmod
jdk-21.0.2/jmods/jdk.security.jgss.jmod
jdk-21.0.2/jmods/jdk.unsupported.desktop.jmod
jdk-21.0.2/jmods/jdk.unsupported.jmod
jdk-21.0.2/jmods/jdk.xml.dom.jmod
jdk-21.0.2/jmods/jdk.zipfs.jmod
jdk-21.0.2/legal/java.base/ADDITIONAL_LICENSE_INFO
jdk-21.0.2/legal/java.base/ASSEMBLY_EXCEPTION
jdk-21.0.2/legal/java.base/LICENSE
jdk-21.0.2/legal/java.base/aes.md
jdk-21.0.2/legal/java.base/asm.md
jdk-21.0.2/legal/java.base/c-libutl.md
jdk-21.0.2/legal/java.base/cldr.md
jdk-21.0.2/legal/java.base/icu.md
jdk-21.0.2/legal/java.base/public_suffix.md
jdk-21.0.2/legal/java.base/unicode.md
jdk-21.0.2/legal/java.compiler/ADDITIONAL_LICENSE_INFO
jdk-21.0.2/legal/java.compiler/ASSEMBLY_EXCEPTION
jdk-21.0.2/legal/java.compiler/LICENSE
jdk-21.0.2/legal/java.datatransfer/ADDITIONAL_LICENSE_INFO
jdk-21.0.2/legal/java.datatransfer/ASSEMBLY_EXCEPTION
jdk-21.0.2/legal/java.datatransfer/LICENSE
jdk-21.0.2/legal/java.desktop/ADDITIONAL_LICENSE_INFO
jdk-21.0.2/legal/java.desktop/ASSEMBLY_EXCEPTION
jdk-21.0.2/legal/java.desktop/LICENSE
jdk-21.0.2/legal/java.desktop/colorimaging.md
jdk-21.0.2/legal/java.desktop/giflib.md
jdk-21.0.2/legal/java.desktop/harfbuzz.md
jdk-21.0.2/legal/java.desktop/jpeg.md
jdk-21.0.2/legal/java.desktop/lcms.md
jdk-21.0.2/legal/java.desktop/libpng.md
jdk-21.0.2/legal/java.desktop/mesa3d.md
jdk-21.0.2/legal/java.desktop/pipewire.md
jdk-21.0.2/legal/java.desktop/xwd.md
jdk-21.0.2/legal/java.instrument/ADDITIONAL_LICENSE_INFO
jdk-21.0.2/legal/java.instrument/ASSEMBLY_EXCEPTION
jdk-21.0.2/legal/java.instrument/LICENSE
jdk-21.0.2/legal/java.logging/ADDITIONAL_LICENSE_INFO
jdk-21.0.2/legal/java.logging/ASSEMBLY_EXCEPTION
jdk-21.0.2/legal/java.logging/LICENSE
jdk-21.0.2/legal/java.management.rmi/ADDITIONAL_LICENSE_INFO
jdk-21.0.2/legal/java.management.rmi/ASSEMBLY_EXCEPTION
jdk-21.0.2/legal/java.management.rmi/LICENSE
jdk-21.0.2/legal/java.management/ADDITIONAL_LICENSE_INFO
jdk-21.0.2/legal/java.management/ASSEMBLY_EXCEPTION
jdk-21.0.2/legal/java.management/LICENSE
jdk-21.0.2/legal/java.naming/ADDITIONAL_LICENSE_INFO
jdk-21.0.2/legal/java.naming/ASSEMBLY_EXCEPTION
jdk-21.0.2/legal/java.naming/LICENSE
jdk-21.0.2/legal/java.net.http/ADDITIONAL_LICENSE_INFO
jdk-21.0.2/legal/java.net.http/ASSEMBLY_EXCEPTION
jdk-21.0.2/legal/java.net.http/LICENSE
jdk-21.0.2/legal/java.prefs/ADDITIONAL_LICENSE_INFO
jdk-21.0.2/legal/java.prefs/ASSEMBLY_EXCEPTION
jdk-21.0.2/legal/java.prefs/LICENSE
jdk-21.0.2/legal/java.rmi/ADDITIONAL_LICENSE_INFO
jdk-21.0.2/legal/java.rmi/ASSEMBLY_EXCEPTION
jdk-21.0.2/legal/java.rmi/LICENSE
jdk-21.0.2/legal/java.scripting/ADDITIONAL_LICENSE_INFO
jdk-21.0.2/legal/java.scripting/ASSEMBLY_EXCEPTION
jdk-21.0.2/legal/java.scripting/LICENSE
jdk-21.0.2/legal/java.se/ADDITIONAL_LICENSE_INFO
jdk-21.0.2/legal/java.se/ASSEMBLY_EXCEPTION
jdk-21.0.2/legal/java.se/LICENSE
jdk-21.0.2/legal/java.security.jgss/ADDITIONAL_LICENSE_INFO
jdk-21.0.2/legal/java.security.jgss/ASSEMBLY_EXCEPTION
jdk-21.0.2/legal/java.security.jgss/LICENSE
jdk-21.0.2/legal/java.security.sasl/ADDITIONAL_LICENSE_INFO
jdk-21.0.2/legal/java.security.sasl/ASSEMBLY_EXCEPTION
jdk-21.0.2/legal/java.security.sasl/LICENSE
jdk-21.0.2/legal/java.smartcardio/ADDITIONAL_LICENSE_INFO
jdk-21.0.2/legal/java.smartcardio/ASSEMBLY_EXCEPTION
jdk-21.0.2/legal/java.smartcardio/LICENSE
jdk-21.0.2/legal/java.smartcardio/pcsclite.md
jdk-21.0.2/legal/java.sql.rowset/ADDITIONAL_LICENSE_INFO
jdk-21.0.2/legal/java.sql.rowset/ASSEMBLY_EXCEPTION
jdk-21.0.2/legal/java.sql.rowset/LICENSE
jdk-21.0.2/legal/java.sql/ADDITIONAL_LICENSE_INFO
jdk-21.0.2/legal/java.sql/ASSEMBLY_EXCEPTION
jdk-21.0.2/legal/java.sql/LICENSE
jdk-21.0.2/legal/java.transaction.xa/ADDITIONAL_LICENSE_INFO
jdk-21.0.2/legal/java.transaction.xa/ASSEMBLY_EXCEPTION
jdk-21.0.2/legal/java.transaction.xa/LICENSE
jdk-21.0.2/legal/java.xml.crypto/ADDITIONAL_LICENSE_INFO
jdk-21.0.2/legal/java.xml.crypto/ASSEMBLY_EXCEPTION
jdk-21.0.2/legal/java.xml.crypto/LICENSE
jdk-21.0.2/legal/java.xml.crypto/santuario.md
jdk-21.0.2/legal/java.xml/ADDITIONAL_LICENSE_INFO
jdk-21.0.2/legal/java.xml/ASSEMBLY_EXCEPTION
jdk-21.0.2/legal/java.xml/LICENSE
jdk-21.0.2/legal/java.xml/bcel.md
jdk-21.0.2/legal/java.xml/dom.md
jdk-21.0.2/legal/java.xml/jcup.md
jdk-21.0.2/legal/java.xml/xalan.md
jdk-21.0.2/legal/java.xml/xerces.md
jdk-21.0.2/legal/jdk.accessibility/ADDITIONAL_LICENSE_INFO
jdk-21.0.2/legal/jdk.accessibility/ASSEMBLY_EXCEPTION
jdk-21.0.2/legal/jdk.accessibility/LICENSE
jdk-21.0.2/legal/jdk.attach/ADDITIONAL_LICENSE_INFO
jdk-21.0.2/legal/jdk.attach/ASSEMBLY_EXCEPTION
jdk-21.0.2/legal/jdk.attach/LICENSE
jdk-21.0.2/legal/jdk.charsets/ADDITIONAL_LICENSE_INFO
jdk-21.0.2/legal/jdk.charsets/ASSEMBLY_EXCEPTION
jdk-21.0.2/legal/jdk.charsets/LICENSE
jdk-21.0.2/legal/jdk.compiler/ADDITIONAL_LICENSE_INFO
jdk-21.0.2/legal/jdk.compiler/ASSEMBLY_EXCEPTION
jdk-21.0.2/legal/jdk.compiler/LICENSE
jdk-21.0.2/legal/jdk.crypto.cryptoki/ADDITIONAL_LICENSE_INFO
jdk-21.0.2/legal/jdk.crypto.cryptoki/ASSEMBLY_EXCEPTION
jdk-21.0.2/legal/jdk.crypto.cryptoki/LICENSE
jdk-21.0.2/legal/jdk.crypto.cryptoki/pkcs11cryptotoken.md
jdk-21.0.2/legal/jdk.crypto.cryptoki/pkcs11wrapper.md
jdk-21.0.2/legal/jdk.crypto.ec/ADDITIONAL_LICENSE_INFO
jdk-21.0.2/legal/jdk.crypto.ec/ASSEMBLY_EXCEPTION
jdk-21.0.2/legal/jdk.crypto.ec/LICENSE
jdk-21.0.2/legal/jdk.dynalink/ADDITIONAL_LICENSE_INFO
jdk-21.0.2/legal/jdk.dynalink/ASSEMBLY_EXCEPTION
jdk-21.0.2/legal/jdk.dynalink/LICENSE
jdk-21.0.2/legal/jdk.dynalink/dynalink.md
jdk-21.0.2/legal/jdk.editpad/ADDITIONAL_LICENSE_INFO
jdk-21.0.2/legal/jdk.editpad/ASSEMBLY_EXCEPTION
jdk-21.0.2/legal/jdk.editpad/LICENSE
jdk-21.0.2/legal/jdk.hotspot.agent/ADDITIONAL_LICENSE_INFO
jdk-21.0.2/legal/jdk.hotspot.agent/ASSEMBLY_EXCEPTION
jdk-21.0.2/legal/jdk.hotspot.agent/LICENSE
jdk-21.0.2/legal/jdk.httpserver/ADDITIONAL_LICENSE_INFO
jdk-21.0.2/legal/jdk.httpserver/ASSEMBLY_EXCEPTION
jdk-21.0.2/legal/jdk.httpserver/LICENSE
jdk-21.0.2/legal/jdk.incubator.vector/ADDITIONAL_LICENSE_INFO
jdk-21.0.2/legal/jdk.incubator.vector/ASSEMBLY_EXCEPTION
jdk-21.0.2/legal/jdk.incubator.vector/LICENSE
jdk-21.0.2/legal/jdk.internal.ed/ADDITIONAL_LICENSE_INFO
jdk-21.0.2/legal/jdk.internal.ed/ASSEMBLY_EXCEPTION
jdk-21.0.2/legal/jdk.internal.ed/LICENSE
jdk-21.0.2/legal/jdk.internal.jvmstat/ADDITIONAL_LICENSE_INFO
jdk-21.0.2/legal/jdk.internal.jvmstat/ASSEMBLY_EXCEPTION
jdk-21.0.2/legal/jdk.internal.jvmstat/LICENSE
jdk-21.0.2/legal/jdk.internal.le/ADDITIONAL_LICENSE_INFO
jdk-21.0.2/legal/jdk.internal.le/ASSEMBLY_EXCEPTION
jdk-21.0.2/legal/jdk.internal.le/LICENSE
jdk-21.0.2/legal/jdk.internal.le/jline.md
jdk-21.0.2/legal/jdk.internal.opt/ADDITIONAL_LICENSE_INFO
jdk-21.0.2/legal/jdk.internal.opt/ASSEMBLY_EXCEPTION
jdk-21.0.2/legal/jdk.internal.opt/LICENSE
jdk-21.0.2/legal/jdk.internal.opt/jopt-simple.md
jdk-21.0.2/legal/jdk.internal.vm.ci/ADDITIONAL_LICENSE_INFO
jdk-21.0.2/legal/jdk.internal.vm.ci/ASSEMBLY_EXCEPTION
jdk-21.0.2/legal/jdk.internal.vm.ci/LICENSE
jdk-21.0.2/legal/jdk.internal.vm.compiler.management/ADDITIONAL_LICENSE_INFO
jdk-21.0.2/legal/jdk.internal.vm.compiler.management/ASSEMBLY_EXCEPTION
jdk-21.0.2/legal/jdk.internal.vm.compiler.management/LICENSE
jdk-21.0.2/legal/jdk.internal.vm.compiler/ADDITIONAL_LICENSE_INFO
jdk-21.0.2/legal/jdk.internal.vm.compiler/ASSEMBLY_EXCEPTION
jdk-21.0.2/legal/jdk.internal.vm.compiler/LICENSE
jdk-21.0.2/legal/jdk.jartool/ADDITIONAL_LICENSE_INFO
jdk-21.0.2/legal/jdk.jartool/ASSEMBLY_EXCEPTION
jdk-21.0.2/legal/jdk.jartool/LICENSE
jdk-21.0.2/legal/jdk.javadoc/ADDITIONAL_LICENSE_INFO
jdk-21.0.2/legal/jdk.javadoc/ASSEMBLY_EXCEPTION
jdk-21.0.2/legal/jdk.javadoc/LICENSE
jdk-21.0.2/legal/jdk.javadoc/jquery.md
jdk-21.0.2/legal/jdk.javadoc/jqueryUI.md
jdk-21.0.2/legal/jdk.jcmd/ADDITIONAL_LICENSE_INFO
jdk-21.0.2/legal/jdk.jcmd/ASSEMBLY_EXCEPTION
jdk-21.0.2/legal/jdk.jcmd/LICENSE
jdk-21.0.2/legal/jdk.jconsole/ADDITIONAL_LICENSE_INFO
jdk-21.0.2/legal/jdk.jconsole/ASSEMBLY_EXCEPTION
jdk-21.0.2/legal/jdk.jconsole/LICENSE
jdk-21.0.2/legal/jdk.jdeps/ADDITIONAL_LICENSE_INFO
jdk-21.0.2/legal/jdk.jdeps/ASSEMBLY_EXCEPTION
jdk-21.0.2/legal/jdk.jdeps/LICENSE
jdk-21.0.2/legal/jdk.jdi/ADDITIONAL_LICENSE_INFO
jdk-21.0.2/legal/jdk.jdi/ASSEMBLY_EXCEPTION
jdk-21.0.2/legal/jdk.jdi/LICENSE
jdk-21.0.2/legal/jdk.jdwp.agent/ADDITIONAL_LICENSE_INFO
jdk-21.0.2/legal/jdk.jdwp.agent/ASSEMBLY_EXCEPTION
jdk-21.0.2/legal/jdk.jdwp.agent/LICENSE
jdk-21.0.2/legal/jdk.jfr/ADDITIONAL_LICENSE_INFO
jdk-21.0.2/legal/jdk.jfr/ASSEMBLY_EXCEPTION
jdk-21.0.2/legal/jdk.jfr/LICENSE
jdk-21.0.2/legal/jdk.jlink/ADDITIONAL_LICENSE_INFO
jdk-21.0.2/legal/jdk.jlink/ASSEMBLY_EXCEPTION
jdk-21.0.2/legal/jdk.jlink/LICENSE
jdk-21.0.2/legal/jdk.jpackage/ADDITIONAL_LICENSE_INFO
jdk-21.0.2/legal/jdk.jpackage/ASSEMBLY_EXCEPTION
jdk-21.0.2/legal/jdk.jpackage/LICENSE
jdk-21.0.2/legal/jdk.jshell/ADDITIONAL_LICENSE_INFO
jdk-21.0.2/legal/jdk.jshell/ASSEMBLY_EXCEPTION
jdk-21.0.2/legal/jdk.jshell/LICENSE
jdk-21.0.2/legal/jdk.jsobject/ADDITIONAL_LICENSE_INFO
jdk-21.0.2/legal/jdk.jsobject/ASSEMBLY_EXCEPTION
jdk-21.0.2/legal/jdk.jsobject/LICENSE
jdk-21.0.2/legal/jdk.jstatd/ADDITIONAL_LICENSE_INFO
jdk-21.0.2/legal/jdk.jstatd/ASSEMBLY_EXCEPTION
jdk-21.0.2/legal/jdk.jstatd/LICENSE
jdk-21.0.2/legal/jdk.localedata/ADDITIONAL_LICENSE_INFO
jdk-21.0.2/legal/jdk.localedata/ASSEMBLY_EXCEPTION
jdk-21.0.2/legal/jdk.localedata/LICENSE
jdk-21.0.2/legal/jdk.localedata/cldr.md
jdk-21.0.2/legal/jdk.localedata/thaidict.md
jdk-21.0.2/legal/jdk.management.agent/ADDITIONAL_LICENSE_INFO
jdk-21.0.2/legal/jdk.management.agent/ASSEMBLY_EXCEPTION
jdk-21.0.2/legal/jdk.management.agent/LICENSE
jdk-21.0.2/legal/jdk.management.jfr/ADDITIONAL_LICENSE_INFO
jdk-21.0.2/legal/jdk.management.jfr/ASSEMBLY_EXCEPTION
jdk-21.0.2/legal/jdk.management.jfr/LICENSE
jdk-21.0.2/legal/jdk.management/ADDITIONAL_LICENSE_INFO
jdk-21.0.2/legal/jdk.management/ASSEMBLY_EXCEPTION
jdk-21.0.2/legal/jdk.management/LICENSE
jdk-21.0.2/legal/jdk.naming.dns/ADDITIONAL_LICENSE_INFO
jdk-21.0.2/legal/jdk.naming.dns/ASSEMBLY_EXCEPTION
jdk-21.0.2/legal/jdk.naming.dns/LICENSE
jdk-21.0.2/legal/jdk.naming.rmi/ADDITIONAL_LICENSE_INFO
jdk-21.0.2/legal/jdk.naming.rmi/ASSEMBLY_EXCEPTION
jdk-21.0.2/legal/jdk.naming.rmi/LICENSE
jdk-21.0.2/legal/jdk.net/ADDITIONAL_LICENSE_INFO
jdk-21.0.2/legal/jdk.net/ASSEMBLY_EXCEPTION
jdk-21.0.2/legal/jdk.net/LICENSE
jdk-21.0.2/legal/jdk.nio.mapmode/ADDITIONAL_LICENSE_INFO
jdk-21.0.2/legal/jdk.nio.mapmode/ASSEMBLY_EXCEPTION
jdk-21.0.2/legal/jdk.nio.mapmode/LICENSE
jdk-21.0.2/legal/jdk.random/ADDITIONAL_LICENSE_INFO
jdk-21.0.2/legal/jdk.random/ASSEMBLY_EXCEPTION
jdk-21.0.2/legal/jdk.random/LICENSE
jdk-21.0.2/legal/jdk.sctp/ADDITIONAL_LICENSE_INFO
jdk-21.0.2/legal/jdk.sctp/ASSEMBLY_EXCEPTION
jdk-21.0.2/legal/jdk.sctp/LICENSE
jdk-21.0.2/legal/jdk.security.auth/ADDITIONAL_LICENSE_INFO
jdk-21.0.2/legal/jdk.security.auth/ASSEMBLY_EXCEPTION
jdk-21.0.2/legal/jdk.security.auth/LICENSE
jdk-21.0.2/legal/jdk.security.jgss/ADDITIONAL_LICENSE_INFO
jdk-21.0.2/legal/jdk.security.jgss/ASSEMBLY_EXCEPTION
jdk-21.0.2/legal/jdk.security.jgss/LICENSE
jdk-21.0.2/legal/jdk.unsupported.desktop/ADDITIONAL_LICENSE_INFO
jdk-21.0.2/legal/jdk.unsupported.desktop/ASSEMBLY_EXCEPTION
jdk-21.0.2/legal/jdk.unsupported.desktop/LICENSE
jdk-21.0.2/legal/jdk.unsupported/ADDITIONAL_LICENSE_INFO
jdk-21.0.2/legal/jdk.unsupported/ASSEMBLY_EXCEPTION
jdk-21.0.2/legal/jdk.unsupported/LICENSE
jdk-21.0.2/legal/jdk.xml.dom/ADDITIONAL_LICENSE_INFO
jdk-21.0.2/legal/jdk.xml.dom/ASSEMBLY_EXCEPTION
jdk-21.0.2/legal/jdk.xml.dom/LICENSE
jdk-21.0.2/legal/jdk.zipfs/ADDITIONAL_LICENSE_INFO
jdk-21.0.2/legal/jdk.zipfs/ASSEMBLY_EXCEPTION
jdk-21.0.2/legal/jdk.zipfs/LICENSE
jdk-21.0.2/lib/classlist
jdk-21.0.2/lib/ct.sym
jdk-21.0.2/lib/jexec
jdk-21.0.2/lib/jfr/default.jfc
jdk-21.0.2/lib/jfr/profile.jfc
jdk-21.0.2/lib/jrt-fs.jar
jdk-21.0.2/lib/jspawnhelper
jdk-21.0.2/lib/jvm.cfg
jdk-21.0.2/lib/libattach.so
jdk-21.0.2/lib/libawt.so
jdk-21.0.2/lib/libawt_headless.so
jdk-21.0.2/lib/libawt_xawt.so
jdk-21.0.2/lib/libdt_socket.so
jdk-21.0.2/lib/libextnet.so
jdk-21.0.2/lib/libfontmanager.so
jdk-21.0.2/lib/libinstrument.so
jdk-21.0.2/lib/libj2gss.so
jdk-21.0.2/lib/libj2pcsc.so
jdk-21.0.2/lib/libj2pkcs11.so
jdk-21.0.2/lib/libjaas.so
jdk-21.0.2/lib/libjava.so
jdk-21.0.2/lib/libjavajpeg.so
jdk-21.0.2/lib/libjawt.so
jdk-21.0.2/lib/libjdwp.so
jdk-21.0.2/lib/libjimage.so
jdk-21.0.2/lib/libjli.so
jdk-21.0.2/lib/libjsig.so
jdk-21.0.2/lib/libjsound.so
jdk-21.0.2/lib/libjsvml.so
jdk-21.0.2/lib/liblcms.so
jdk-21.0.2/lib/lible.so
jdk-21.0.2/lib/libmanagement.so
jdk-21.0.2/lib/libmanagement_agent.so
jdk-21.0.2/lib/libmanagement_ext.so
jdk-21.0.2/lib/libmlib_image.so
jdk-21.0.2/lib/libnet.so
jdk-21.0.2/lib/libnio.so
jdk-21.0.2/lib/libprefs.so
jdk-21.0.2/lib/librmi.so
jdk-21.0.2/lib/libsaproc.so
jdk-21.0.2/lib/libsctp.so
jdk-21.0.2/lib/libsplashscreen.so
jdk-21.0.2/lib/libsyslookup.so
jdk-21.0.2/lib/libverify.so
jdk-21.0.2/lib/libzip.so
jdk-21.0.2/lib/modules
jdk-21.0.2/lib/psfont.properties.ja
jdk-21.0.2/lib/psfontj2d.properties
jdk-21.0.2/lib/security/blocked.certs
jdk-21.0.2/lib/security/cacerts
jdk-21.0.2/lib/security/default.policy
jdk-21.0.2/lib/security/public_suffix_list.dat
jdk-21.0.2/lib/server/classes.jsa
jdk-21.0.2/lib/server/classes_nocoops.jsa
jdk-21.0.2/lib/server/libjsig.so
jdk-21.0.2/lib/server/libjvm.so
jdk-21.0.2/lib/src.zip
jdk-21.0.2/lib/tzdb.dat
jdk-21.0.2/release
